#
# There is insufficient memory for the Java Runtime Environment to continue.
# Native memory allocation (malloc) failed to allocate 32744 bytes for ChunkPool::allocate
# Possible reasons:
#   The system is out of physical RAM or swap space
#   In 32 bit mode, the process size limit was hit
# Possible solutions:
#   Reduce memory load on the system
#   Increase physical memory or swap space
#   Check if swap backing store is full
#   Use 64 bit Java on a 64 bit OS
#   Decrease Java heap size (-Xmx/-Xms)
#   Decrease number of Java threads
#   Decrease Java thread stack sizes (-Xss)
#   Set larger code cache with -XX:ReservedCodeCacheSize=
# This output file may be truncated or incomplete.
#
#  Out of Memory Error (allocation.cpp:273), pid=612, tid=7436
#
# JRE version:  (8.0_45-b15) (build )
# Java VM: Java HotSpot(TM) 64-Bit Server VM (25.45-b02 mixed mode windows-amd64 compressed oops)
# Failed to write core dump. Minidumps are not enabled by default on client versions of Windows
#

---------------  T H R E A D  ---------------

Current thread (0x0000000002b2d800):  JavaThread "Unknown thread" [_thread_in_vm, id=7436, stack(0x00000000029a0000,0x0000000002aa0000)]

Stack: [0x00000000029a0000,0x0000000002aa0000]
Native frames: (J=compiled Java code, j=interpreted, Vv=VM code, C=native code)
V  [jvm.dll+0x32b57a]


---------------  P R O C E S S  ---------------

Java Threads: ( => current thread )

Other Threads:

=>0x0000000002b2d800 (exited) JavaThread "Unknown thread" [_thread_in_vm, id=7436, stack(0x00000000029a0000,0x0000000002aa0000)]

VM state:not at safepoint (not fully initialized)

VM Mutex/Monitor currently owned by a thread: None

Deoptimization events (0 events):
No events

Internal exceptions (0 events):
No events

Events (0 events):
No events


Dynamic libraries:
0x00007ff7a67c0000 - 0x00007ff7a67f7000 	C:\Program Files\Java\jdk1.8.0_45\bin\java.exe
0x00007ffa5c580000 - 0x00007ffa5c72c000 	C:\Windows\SYSTEM32\ntdll.dll
0x00007ffa59c00000 - 0x00007ffa59d3e000 	C:\Windows\system32\KERNEL32.DLL
0x00007ffa59a30000 - 0x00007ffa59b45000 	C:\Windows\system32\KERNELBASE.dll
0x00007ffa582f0000 - 0x00007ffa5837e000 	C:\Windows\system32\apphelp.dll
0x00007ffa4bda0000 - 0x00007ffa4bdf3000 	C:\Windows\AppPatch\AppPatch64\AcGenral.DLL
0x00007ffa5bd70000 - 0x00007ffa5be1a000 	C:\Windows\system32\msvcrt.dll
0x00007ffa59500000 - 0x00007ffa5952e000 	C:\Windows\SYSTEM32\SspiCli.dll
0x00007ffa5c400000 - 0x00007ffa5c454000 	C:\Windows\system32\SHLWAPI.dll
0x00007ffa5c280000 - 0x00007ffa5c3f7000 	C:\Windows\system32\USER32.dll
0x00007ffa5a5f0000 - 0x00007ffa5a784000 	C:\Windows\system32\ole32.dll
0x00007ffa5a790000 - 0x00007ffa5bcbb000 	C:\Windows\system32\SHELL32.dll
0x00007ffa58c70000 - 0x00007ffa58c91000 	C:\Windows\SYSTEM32\USERENV.dll
0x00007ffa5bcc0000 - 0x00007ffa5bd6a000 	C:\Windows\system32\ADVAPI32.dll
0x00007ffa54af0000 - 0x00007ffa54b0e000 	C:\Windows\SYSTEM32\MPR.dll
0x00007ffa5be20000 - 0x00007ffa5bf61000 	C:\Windows\system32\RPCRT4.dll
0x00007ffa5c220000 - 0x00007ffa5c279000 	C:\Windows\SYSTEM32\sechost.dll
0x00007ffa5a1b0000 - 0x00007ffa5a3c1000 	C:\Windows\SYSTEM32\combase.dll
0x00007ffa5bf70000 - 0x00007ffa5c0bf000 	C:\Windows\system32\GDI32.dll
0x00007ffa596d0000 - 0x00007ffa596e5000 	C:\Windows\SYSTEM32\profapi.dll
0x00007ffa57bf0000 - 0x00007ffa57ca2000 	C:\Windows\SYSTEM32\SHCORE.dll
0x00007ffa59da0000 - 0x00007ffa59dd6000 	C:\Windows\system32\IMM32.DLL
0x00007ffa5c0c0000 - 0x00007ffa5c212000 	C:\Windows\system32\MSCTF.dll
0x00007ffa575e0000 - 0x00007ffa5785b000 	C:\Windows\WinSxS\amd64_microsoft.windows.common-controls_6595b64144ccf1df_6.0.9600.18006_none_623f33d3ecbe86e8\COMCTL32.dll
0x000000006b300000 - 0x000000006b3d2000 	C:\Program Files\Java\jdk1.8.0_45\jre\bin\msvcr100.dll
0x000000006b870000 - 0x000000006c0f3000 	C:\Program Files\Java\jdk1.8.0_45\jre\bin\server\jvm.dll
0x00007ffa51090000 - 0x00007ffa51099000 	C:\Windows\SYSTEM32\WSOCK32.dll
0x00007ffa56fa0000 - 0x00007ffa56fc2000 	C:\Windows\SYSTEM32\WINMM.dll
0x00007ffa56fd0000 - 0x00007ffa56fda000 	C:\Windows\SYSTEM32\VERSION.dll
0x00007ffa59eb0000 - 0x00007ffa59eb7000 	C:\Windows\system32\PSAPI.DLL
0x00007ffa5c460000 - 0x00007ffa5c4ba000 	C:\Windows\system32\WS2_32.dll
0x00007ffa56f70000 - 0x00007ffa56f9a000 	C:\Windows\SYSTEM32\WINMMBASE.dll
0x00007ffa5a1a0000 - 0x00007ffa5a1a9000 	C:\Windows\system32\NSI.dll
0x00007ffa597a0000 - 0x00007ffa597ef000 	C:\Windows\SYSTEM32\cfgmgr32.dll
0x00007ffa584c0000 - 0x00007ffa584e8000 	C:\Windows\SYSTEM32\DEVOBJ.dll
0x000000006b860000 - 0x000000006b86f000 	C:\Program Files\Java\jdk1.8.0_45\jre\bin\verify.dll
0x000000006b830000 - 0x000000006b859000 	C:\Program Files\Java\jdk1.8.0_45\jre\bin\java.dll

VM Arguments:
jvm_args: -Djava.awt.headless=true -Xmx1024M -Dfile.encoding=windows-1256 -Duser.country=US -Duser.language=en -Duser.variant 
java_command: com.android.dx.command.Main --dex --num-threads=4 --output C:\Users\Mohammed\Desktop\Android_Studio\OUTS\app\build\intermediates\pre-dexed\debug\com.android.support-design-23.1.1_dc71d274fb1a38e6a373a81cb3da53696ae99dcc.jar C:\Users\Mohammed\Desktop\Android_Studio\OUTS\app\build\intermediates\exploded-aar\com.android.support\design\23.1.1\jars\classes.jar
java_class_path (initial): E:\BOOKs\GP\Xamarin\android-sdk\build-tools\23.0.1\lib\dx.jar
Launcher Type: SUN_STANDARD

Environment Variables:
JAVA_HOME=C:\Program Files\Java\jdk1.8.0_45
PATH=C:\ProgramData\Oracle\Java\javapath;E:\app\Mohammed\product\11.2.0\dbhome_1\bin;C:\Program Files (x86)\NVIDIA Corporation\PhysX\Common;C:\Windows\system32;C:\Windows;C:\Windows\System32\Wbem;C:\Windows\System32\WindowsPowerShell\v1.0\;C:\Program Files (x86)\AMD\ATI.ACE\Core-Static;C:\Program Files\MATLAB\R2012a\runtime\win64;C:\Program Files\MATLAB\R2012a\bin;C:\Program Files (x86)\Skype\Phone\
USERNAME=Mohammed
OS=Windows_NT
PROCESSOR_IDENTIFIER=Intel64 Family 6 Model 58 Stepping 9, GenuineIntel



---------------  S Y S T E M  ---------------

OS: Windows 8.1 , 64 bit Build 9600 (6.3.9600.17415)

CPU:total 8 

Memory: 4k page, physical 4090220k(338204k free), swap 7235948k(9652k free)

vm_info: Java HotSpot(TM) 64-Bit Server VM (25.45-b02) for windows-amd64 JRE (1.8.0_45-b15), built on Apr 30 2015 12:40:44 by "java_re" with MS VC++ 10.0 (VS2010)

time: Sat Dec 26 01:09:00 2015
elapsed time: 0 seconds (0d 0h 0m 0s)

