#
# There is insufficient memory for the Java Runtime Environment to continue.
# Native memory allocation (malloc) failed to allocate 1048576 bytes for AllocateHeap
# Possible reasons:
#   The system is out of physical RAM or swap space
#   In 32 bit mode, the process size limit was hit
# Possible solutions:
#   Reduce memory load on the system
#   Increase physical memory or swap space
#   Check if swap backing store is full
#   Use 64 bit Java on a 64 bit OS
#   Decrease Java heap size (-Xmx/-Xms)
#   Decrease number of Java threads
#   Decrease Java thread stack sizes (-Xss)
#   Set larger code cache with -XX:ReservedCodeCacheSize=
# This output file may be truncated or incomplete.
#
#  Out of Memory Error (memory/allocation.inline.hpp:61), pid=4884, tid=6900
#
# JRE version:  (8.0_45-b15) (build )
# Java VM: Java HotSpot(TM) 64-Bit Server VM (25.45-b02 mixed mode windows-amd64 compressed oops)
# Failed to write core dump. Minidumps are not enabled by default on client versions of Windows
#

---------------  T H R E A D  ---------------

Current thread (0x00000000028ad800):  JavaThread "Unknown thread" [_thread_in_vm, id=6900, stack(0x00000000026f0000,0x00000000027f0000)]

Stack: [0x00000000026f0000,0x00000000027f0000]
Native frames: (J=compiled Java code, j=interpreted, Vv=VM code, C=native code)
V  [jvm.dll+0x32b57a]
V  [jvm.dll+0x279873]
V  [jvm.dll+0x27a509]
V  [jvm.dll+0x271825]
V  [jvm.dll+0x1606]
V  [jvm.dll+0x3f7fb2]
V  [jvm.dll+0x3f898f]
V  [jvm.dll+0x3f8a5d]
V  [jvm.dll+0x3f8c26]
V  [jvm.dll+0xf2cf2]
V  [jvm.dll+0x20f0c9]
V  [jvm.dll+0x240e0a]
V  [jvm.dll+0x15ba41]
C  [java.exe+0x216e]
C  [java.exe+0xcce7]
C  [java.exe+0xcd7b]
C  [KERNEL32.DLL+0x13d2]
C  [ntdll.dll+0x15454]


---------------  P R O C E S S  ---------------

Java Threads: ( => current thread )

Other Threads:

=>0x00000000028ad800 (exited) JavaThread "Unknown thread" [_thread_in_vm, id=6900, stack(0x00000000026f0000,0x00000000027f0000)]

VM state:not at safepoint (normal execution)

VM Mutex/Monitor currently owned by a thread: None

Heap:
 PSYoungGen      total 18944K, used 327K [0x00000000eab00000, 0x00000000ec000000, 0x0000000100000000)
  eden space 16384K, 2% used [0x00000000eab00000,0x00000000eab51ec8,0x00000000ebb00000)
  from space 2560K, 0% used [0x00000000ebd80000,0x00000000ebd80000,0x00000000ec000000)
  to   space 2560K, 0% used [0x00000000ebb00000,0x00000000ebb00000,0x00000000ebd80000)
 ParOldGen       total 44032K, used 0K [0x00000000c0000000, 0x00000000c2b00000, 0x00000000eab00000)
  object space 44032K, 0% used [0x00000000c0000000,0x00000000c0000000,0x00000000c2b00000)
 Metaspace       used 766K, capacity 4480K, committed 4480K, reserved 1056768K
  class space    used 75K, capacity 384K, committed 384K, reserved 1048576K

Card table byte_map: [0x0000000011d70000,0x0000000011f80000] byte_map_base: 0x0000000011770000

Marking Bits: (ParMarkBitMap*) 0x000000006c074040
 Begin Bits: [0x00000000128e0000, 0x00000000138e0000)
 End Bits:   [0x00000000138e0000, 0x00000000148e0000)

Polling page: 0x00000000027f0000

CodeCache: size=245760Kb used=328Kb max_used=328Kb free=245431Kb
 bounds [0x00000000029b0000, 0x0000000002c20000, 0x00000000119b0000]
 total_blobs=57 nmethods=0 adapters=37
 compilation: enabled

Compilation events (0 events):
No events

GC Heap History (0 events):
No events

Deoptimization events (0 events):
No events

Internal exceptions (0 events):
No events

Events (10 events):
Event: 0.021 loading class java/lang/Short
Event: 0.021 loading class java/lang/Short done
Event: 0.021 loading class java/lang/Integer
Event: 0.021 loading class java/lang/Integer done
Event: 0.021 loading class java/lang/Long
Event: 0.021 loading class java/lang/Long done
Event: 0.022 loading class java/lang/NullPointerException
Event: 0.022 loading class java/lang/NullPointerException done
Event: 0.022 loading class java/lang/ArithmeticException
Event: 0.022 loading class java/lang/ArithmeticException done


Dynamic libraries:
0x00007ff7a67c0000 - 0x00007ff7a67f7000 	C:\Program Files\Java\jdk1.8.0_45\bin\java.exe
0x00007ffa5c580000 - 0x00007ffa5c72c000 	C:\Windows\SYSTEM32\ntdll.dll
0x00007ffa59c00000 - 0x00007ffa59d3e000 	C:\Windows\system32\KERNEL32.DLL
0x00007ffa59a30000 - 0x00007ffa59b45000 	C:\Windows\system32\KERNELBASE.dll
0x00007ffa582f0000 - 0x00007ffa5837e000 	C:\Windows\system32\apphelp.dll
0x00007ffa4bda0000 - 0x00007ffa4bdf3000 	C:\Windows\AppPatch\AppPatch64\AcGenral.DLL
0x00007ffa5bd70000 - 0x00007ffa5be1a000 	C:\Windows\system32\msvcrt.dll
0x00007ffa59500000 - 0x00007ffa5952e000 	C:\Windows\SYSTEM32\SspiCli.dll
0x00007ffa5c400000 - 0x00007ffa5c454000 	C:\Windows\system32\SHLWAPI.dll
0x00007ffa5c280000 - 0x00007ffa5c3f7000 	C:\Windows\system32\USER32.dll
0x00007ffa5a5f0000 - 0x00007ffa5a784000 	C:\Windows\system32\ole32.dll
0x00007ffa5a790000 - 0x00007ffa5bcbb000 	C:\Windows\system32\SHELL32.dll
0x00007ffa58c70000 - 0x00007ffa58c91000 	C:\Windows\SYSTEM32\USERENV.dll
0x00007ffa5bcc0000 - 0x00007ffa5bd6a000 	C:\Windows\system32\ADVAPI32.dll
0x00007ffa54af0000 - 0x00007ffa54b0e000 	C:\Windows\SYSTEM32\MPR.dll
0x00007ffa5be20000 - 0x00007ffa5bf61000 	C:\Windows\system32\RPCRT4.dll
0x00007ffa5c220000 - 0x00007ffa5c279000 	C:\Windows\SYSTEM32\sechost.dll
0x00007ffa5a1b0000 - 0x00007ffa5a3c1000 	C:\Windows\SYSTEM32\combase.dll
0x00007ffa5bf70000 - 0x00007ffa5c0bf000 	C:\Windows\system32\GDI32.dll
0x00007ffa596d0000 - 0x00007ffa596e5000 	C:\Windows\SYSTEM32\profapi.dll
0x00007ffa57bf0000 - 0x00007ffa57ca2000 	C:\Windows\SYSTEM32\SHCORE.dll
0x00007ffa59da0000 - 0x00007ffa59dd6000 	C:\Windows\system32\IMM32.DLL
0x00007ffa5c0c0000 - 0x00007ffa5c212000 	C:\Windows\system32\MSCTF.dll
0x00007ffa575e0000 - 0x00007ffa5785b000 	C:\Windows\WinSxS\amd64_microsoft.windows.common-controls_6595b64144ccf1df_6.0.9600.18006_none_623f33d3ecbe86e8\COMCTL32.dll
0x000000006b300000 - 0x000000006b3d2000 	C:\Program Files\Java\jdk1.8.0_45\jre\bin\msvcr100.dll
0x000000006b870000 - 0x000000006c0f3000 	C:\Program Files\Java\jdk1.8.0_45\jre\bin\server\jvm.dll
0x00007ffa51090000 - 0x00007ffa51099000 	C:\Windows\SYSTEM32\WSOCK32.dll
0x00007ffa56fa0000 - 0x00007ffa56fc2000 	C:\Windows\SYSTEM32\WINMM.dll
0x00007ffa56fd0000 - 0x00007ffa56fda000 	C:\Windows\SYSTEM32\VERSION.dll
0x00007ffa59eb0000 - 0x00007ffa59eb7000 	C:\Windows\system32\PSAPI.DLL
0x00007ffa5c460000 - 0x00007ffa5c4ba000 	C:\Windows\system32\WS2_32.dll
0x00007ffa56f70000 - 0x00007ffa56f9a000 	C:\Windows\SYSTEM32\WINMMBASE.dll
0x00007ffa5a1a0000 - 0x00007ffa5a1a9000 	C:\Windows\system32\NSI.dll
0x00007ffa597a0000 - 0x00007ffa597ef000 	C:\Windows\SYSTEM32\cfgmgr32.dll
0x00007ffa584c0000 - 0x00007ffa584e8000 	C:\Windows\SYSTEM32\DEVOBJ.dll
0x000000006b860000 - 0x000000006b86f000 	C:\Program Files\Java\jdk1.8.0_45\jre\bin\verify.dll
0x000000006b830000 - 0x000000006b859000 	C:\Program Files\Java\jdk1.8.0_45\jre\bin\java.dll
0x000000006b810000 - 0x000000006b826000 	C:\Program Files\Java\jdk1.8.0_45\jre\bin\zip.dll
0x00007ffa4f8e0000 - 0x00007ffa4fa69000 	C:\Windows\SYSTEM32\dbghelp.dll

VM Arguments:
jvm_args: -Djava.awt.headless=true -Xmx1024M -Dfile.encoding=windows-1256 -Duser.country=US -Duser.language=en -Duser.variant 
java_command: com.android.dx.command.Main --dex --num-threads=4 --output C:\Users\Mohammed\Desktop\Android_Studio\OUTS\app\build\intermediates\pre-dexed\debug\com.google.android.gms-play-services-appindexing-8.1.0_2b937a80433981efd438df0c7500163abafd8f9d.jar C:\Users\Mohammed\Desktop\Android_Studio\OUTS\app\build\intermediates\exploded-aar\com.google.android.gms\play-services-appindexing\8.1.0\jars\classes.jar
java_class_path (initial): E:\BOOKs\GP\Xamarin\android-sdk\build-tools\23.0.1\lib\dx.jar
Launcher Type: SUN_STANDARD

Environment Variables:
JAVA_HOME=C:\Program Files\Java\jdk1.8.0_45
PATH=C:\ProgramData\Oracle\Java\javapath;E:\app\Mohammed\product\11.2.0\dbhome_1\bin;C:\Program Files (x86)\NVIDIA Corporation\PhysX\Common;C:\Windows\system32;C:\Windows;C:\Windows\System32\Wbem;C:\Windows\System32\WindowsPowerShell\v1.0\;C:\Program Files (x86)\AMD\ATI.ACE\Core-Static;C:\Program Files\MATLAB\R2012a\runtime\win64;C:\Program Files\MATLAB\R2012a\bin;C:\Program Files (x86)\Skype\Phone\
USERNAME=Mohammed
OS=Windows_NT
PROCESSOR_IDENTIFIER=Intel64 Family 6 Model 58 Stepping 9, GenuineIntel



---------------  S Y S T E M  ---------------

OS: Windows 8.1 , 64 bit Build 9600 (6.3.9600.17415)

CPU:total 8 (4 cores per cpu, 2 threads per core) family 6 model 58 stepping 9, cmov, cx8, fxsr, mmx, sse, sse2, sse3, ssse3, sse4.1, sse4.2, popcnt, avx, aes, clmul, erms, ht, tsc, tscinvbit, tscinv

Memory: 4k page, physical 4090220k(468452k free), swap 7235948k(5304k free)

vm_info: Java HotSpot(TM) 64-Bit Server VM (25.45-b02) for windows-amd64 JRE (1.8.0_45-b15), built on Apr 30 2015 12:40:44 by "java_re" with MS VC++ 10.0 (VS2010)

time: Sat Dec 26 01:10:01 2015
elapsed time: 0 seconds (0d 0h 0m 0s)

